[7mlsetup              [0m lsetup <tool1> [ <tool2> ...] (see lsetup -h):
[7m lsetup asetup      [0m  (or asetup) to setup an Athena release
[7m lsetup astyle      [0m  ATLAS style macros
[7m lsetup atlantis    [0m  Atlantis: event display
[7m lsetup centralpage [0m  Find samples
[7m lsetup eiclient    [0m  Event Index 
[7m lsetup emi         [0m  EMI: grid middleware user interface 
[7m lsetup lcgenv      [0m  lcgenv: setup tools from cvmfs SFT repository
[7m lsetup panda       [0m  Panda: Production ANd Distributed Analysis
[7m lsetup pyami       [0m  pyAMI: ATLAS Metadata Interface python client
[7m lsetup root        [0m  ROOT data processing framework
[7m lsetup rucio       [0m  distributed data management system client
[7m lsetup scikit      [0m  python data analysis ecosystem
[7m lsetup views       [0m  Set up a full LCG release
[7m lsetup xcache      [0m  XRootD local proxy cache
[7m lsetup xrootd      [0m  XRootD data access
[7madvancedTools       [0m advanced tools menu
[7mdiagnostics         [0m diagnostic tools menu
[7mhelpMe              [0m more help
[7minstallPip          [0m install relocatable pip modules locally
[7minstallRpm          [0m install relocatable rpms locally
[7mprintMenu           [0m show this menu
[7mqueryC              [0m find / whatis container query
[7mshowVersions        [0m show versions of installed software

************************************************************************
Requested:  root ... 
 Setting up [4mroot 6.34.04-x86_64-el9-gcc13-opt[0m ... 
  ROOT is from lcgenv -p LCG_107a_ATLAS_2 x86_64-el9-gcc13-opt ROOT
>>>>>>>>>>>>>>>>>>>>>>>>> Information for user <<<<<<<<<<<<<<<<<<<<<<<<<
 root:
   Tip for _this_ standalone ROOT and grid (ie prun) submission:
    avoid --athenaTag if you do not need athena
    use --rootVer=6.34.04 --cmtConfig=x86_64-el9-gcc13-opt
 root:
   Note this ROOT from lcgenv sets up a long list of library paths.
   This may slow down executables; they look at each library path item.
   A faster alternative - setup the entire LCG stack with views:
    lsetup "views LCG_107a_ATLAS_2 x86_64-el9-gcc13-opt"
************************************************************************
   ------------------------------------------------------------------
  | Welcome to ROOT 6.34.04                        https://root.cern |
  | (c) 1995-2024, The ROOT Team; conception: R. Brun, F. Rademakers |
  | Built for linuxx8664gcc on Feb 11 2025, 14:05:34                 |
  | From tags/6-34-04@6-34-04                                        |
  | With g++ (GCC) 13.1.0                                            |
  | Try '.help'/'.?', '.demo', '.license', '.credits', '.quit'/'.q'  |
   ------------------------------------------------------------------


Processing new_hist_maker.c...
In file included from input_line_8:1:
In file included from /mnt/ffs24/home/cianci13/CMSE401Project/gephistmaker/new_hist_maker.c:24:
/mnt/ffs24/home/cianci13/CMSE401Project/gephistmaker/more_plots.c:50:11: warning: variable length arrays in C++ are a Clang extension [-Wvla-cxx-extension]
        float xs[xNbins+2], ys[xNbins+2]; 
                 ^~~~~~~~
/mnt/ffs24/home/cianci13/CMSE401Project/gephistmaker/more_plots.c:50:11: note: read of non-const variable 'xNbins' is not allowed in a constant expression
/mnt/ffs24/home/cianci13/CMSE401Project/gephistmaker/more_plots.c:46:6: note: declared here
        int xNbins = xHist->GetNbinsX(); 
            ^
/mnt/ffs24/home/cianci13/CMSE401Project/gephistmaker/more_plots.c:50:25: warning: variable length arrays in C++ are a Clang extension [-Wvla-cxx-extension]
        float xs[xNbins+2], ys[xNbins+2]; 
                               ^~~~~~~~
/mnt/ffs24/home/cianci13/CMSE401Project/gephistmaker/more_plots.c:50:25: note: read of non-const variable 'xNbins' is not allowed in a constant expression
/mnt/ffs24/home/cianci13/CMSE401Project/gephistmaker/more_plots.c:46:6: note: declared here
        int xNbins = xHist->GetNbinsX(); 
            ^
[2m    Parsing ntuple: /mnt/home/cianci13/CMSE401Project/gephistmaker/inputTreeLarge.root
[0mSysError in <TFile::WriteBuffer>: error writing to file /mnt/home/cianci13/CMSE401Project/gephistmaker/outputHistsLargeParallel.root (-1) Stale file handle
[2m    Hist save destination: /mnt/home/cianci13/CMSE401Project/gephistmaker/outputHistsLargeParallel.root
[0mtrigEfficiencyDiTau_sig_TT = 24.0%
trigEfficiencyDiTau_sig_MM = 24.2%
trigEfficiencyDiTau_sig_LL = 33.5%
trigEfficiencyDiTau_sig_TM = 24.1%
trigEfficiencyDiTau_sig_TL = 28.0%
trigEfficiencyDiTau_sig_ML = 28.2%
trigRate_TT = 5235.5 kHz
trigRate_MM = 5622.6 kHz
trigRate_LL = 10341.9 kHz
trigRate_TM = 5258.1 kHz
trigRate_TL = 5829.0 kHz
trigRate_ML = 6377.4 kHz
Sig & bkg efficiencies: 
         SigEff BkgRej
Baseline  95.7%  35.7%
Loose     35.9%  98.6%
Medium    23.9%  99.6%
Tight     23.1%  99.7%
DEBUG: Runtime for read_ntuple: 2.30 min
DEBUG: Runtime for RetrieveRecoEff: 0.01 min
DEBUG: Runtime for matching: 0.69 min
DEBUG: Runtime for plot_hists: 5.75 min
DEBUG: Runtime for more_plots: 0.02 min
