[7mlsetup              [0m lsetup <tool1> [ <tool2> ...] (see lsetup -h):
[7m lsetup asetup      [0m  (or asetup) to setup an Athena release
[7m lsetup astyle      [0m  ATLAS style macros
[7m lsetup atlantis    [0m  Atlantis: event display
[7m lsetup centralpage [0m  Find samples
[7m lsetup eiclient    [0m  Event Index 
[7m lsetup emi         [0m  EMI: grid middleware user interface 
[7m lsetup lcgenv      [0m  lcgenv: setup tools from cvmfs SFT repository
[7m lsetup panda       [0m  Panda: Production ANd Distributed Analysis
[7m lsetup pyami       [0m  pyAMI: ATLAS Metadata Interface python client
[7m lsetup root        [0m  ROOT data processing framework
[7m lsetup rucio       [0m  distributed data management system client
[7m lsetup scikit      [0m  python data analysis ecosystem
[7m lsetup views       [0m  Set up a full LCG release
[7m lsetup xcache      [0m  XRootD local proxy cache
[7m lsetup xrootd      [0m  XRootD data access
[7madvancedTools       [0m advanced tools menu
[7mdiagnostics         [0m diagnostic tools menu
[7mhelpMe              [0m more help
[7minstallPip          [0m install relocatable pip modules locally
[7minstallRpm          [0m install relocatable rpms locally
[7mprintMenu           [0m show this menu
[7mqueryC              [0m find / whatis container query
[7mshowVersions        [0m show versions of installed software


[1m[4m30 Nov 2023[0m 

A serious security issue in ROOT's web-based GUI has been identified:

  You should not use the web-based browser until further notice and instead 
  set the old-style TBrowser as the default. Please see the Twiki page linked 
  below for instructions on how to do this.

  https://twiki.cern.ch/twiki/bin/view/AtlasComputing/AtlasComputingArchive/RootBrowserSecurityIssue

  More details of this issue:
  https://root.cern/about/security/#2023-11-26-open-port-for-control-of-web-gui-allows-read-and-write-access-to-file-system

  [0;31mReason for this message: $HOME/.rootrc is missing[0m 

************************************************************************
Requested:  root ... 
 Setting up [4mroot 6.34.04-x86_64-el9-gcc13-opt[0m ... 
  ROOT is from lcgenv -p LCG_107a_ATLAS_2 x86_64-el9-gcc13-opt ROOT
>>>>>>>>>>>>>>>>>>>>>>>>> Information for user <<<<<<<<<<<<<<<<<<<<<<<<<
 root:
   Tip for _this_ standalone ROOT and grid (ie prun) submission:
    avoid --athenaTag if you do not need athena
    use --rootVer=6.34.04 --cmtConfig=x86_64-el9-gcc13-opt
 root:
   Note this ROOT from lcgenv sets up a long list of library paths.
   This may slow down executables; they look at each library path item.
   A faster alternative - setup the entire LCG stack with views:
    lsetup "views LCG_107a_ATLAS_2 x86_64-el9-gcc13-opt"
************************************************************************
   ------------------------------------------------------------------
  | Welcome to ROOT 6.34.04                        https://root.cern |
  | (c) 1995-2024, The ROOT Team; conception: R. Brun, F. Rademakers |
  | Built for linuxx8664gcc on Feb 11 2025, 14:05:34                 |
  | From tags/6-34-04@6-34-04                                        |
  | With g++ (GCC) 13.1.0                                            |
  | Try '.help'/'.?', '.demo', '.license', '.credits', '.quit'/'.q'  |
   ------------------------------------------------------------------


Processing new_hist_maker.c...
In file included from input_line_8:1:
In file included from /mnt/ffs24/home/cianci13/CMSE401Project/gephistmaker/new_hist_maker.c:24:
/mnt/ffs24/home/cianci13/CMSE401Project/gephistmaker/more_plots.c:50:11: warning: variable length arrays in C++ are a Clang extension [-Wvla-cxx-extension]
        float xs[xNbins+2], ys[xNbins+2]; 
                 ^~~~~~~~
/mnt/ffs24/home/cianci13/CMSE401Project/gephistmaker/more_plots.c:50:11: note: read of non-const variable 'xNbins' is not allowed in a constant expression
/mnt/ffs24/home/cianci13/CMSE401Project/gephistmaker/more_plots.c:46:6: note: declared here
        int xNbins = xHist->GetNbinsX(); 
            ^
/mnt/ffs24/home/cianci13/CMSE401Project/gephistmaker/more_plots.c:50:25: warning: variable length arrays in C++ are a Clang extension [-Wvla-cxx-extension]
        float xs[xNbins+2], ys[xNbins+2]; 
                               ^~~~~~~~
/mnt/ffs24/home/cianci13/CMSE401Project/gephistmaker/more_plots.c:50:25: note: read of non-const variable 'xNbins' is not allowed in a constant expression
/mnt/ffs24/home/cianci13/CMSE401Project/gephistmaker/more_plots.c:46:6: note: declared here
        int xNbins = xHist->GetNbinsX(); 
            ^
[2m    Parsing ntuple: /mnt/home/cianci13/CMSE401ProjectTest/gephistmaker/inputTree.root
[0mError in <TFile::TFile>: file /mnt/home/cianci13/CMSE401ProjectTest/gephistmaker/inputTree.root does not exist

 *** Break *** segmentation violation
    '/cvmfs/sft.cern.ch/lcg/releases/LCG_107a_ATLAS_2/ROOT/6.34.04/x86_64-el9-gcc13-opt/lib',
    '/cvmfs/sft.cern.ch/lcg/releases/LCG_107a_ATLAS_2/xrootd/5.7.3/x86_64-el9-gcc13-opt/lib/python3.11/site-packages',
    '/cvmfs/sft.cern.ch/lcg/releases/LCG_107a_ATLAS_2/protobuf/4.25.4/x86_64-el9-gcc13-opt/lib/python3.11/site-packages',
    '/cvmfs/sft.cern.ch/lcg/releases/LCG_107a_ATLAS_2/cython/3.0.10/x86_64-el9-gcc13-opt/lib/python3.11/site-packages',
    '/cvmfs/sft.cern.ch/lcg/releases/LCG_107a_ATLAS_2/setuptools/69.5.1/x86_64-el9-gcc13-opt/lib/python3.11/site-packages',
    '/cvmfs/sft.cern.ch/lcg/releases/LCG_107a_ATLAS_2/pip/23.3.1/x86_64-el9-gcc13-opt/lib/python3.11/site-packages',
    '/cvmfs/sft.cern.ch/lcg/releases/LCG_107a_ATLAS_2/meson/1.3.2/x86_64-el9-gcc13-opt/lib/python3.11/site-packages',
    '/cvmfs/sft.cern.ch/lcg/releases/LCG_107a_ATLAS_2/numpy/1.26.4/x86_64-el9-gcc13-opt/lib/python3.11/site-packages',
    '/cvmfs/sft.cern.ch/lcg/releases/LCG_107a_ATLAS_2/Python/3.11.9/x86_64-el9-gcc13-opt/lib/python3.11/site-packages',
    '/opt/software-current/2023.06/x86_64/amd/zen2/software/Python-bundle-PyPI/2023.06-GCCcore-12.3.0/lib/python3.11/site-packages',
    '/opt/software-current/2023.06/x86_64/amd/zen2/software/virtualenv/20.23.1-GCCcore-12.3.0/lib/python3.11/site-packages',
    '/opt/software-current/2023.06/x86_64/amd/zen2/software/cryptography/41.0.1-GCCcore-12.3.0/lib/python3.11/site-packages',
    '/opt/software-current/2023.06/x86_64/amd/zen2/software/cffi/1.15.1-GCCcore-12.3.0/lib/python3.11/site-packages',
    '/opt/software-current/2023.06/x86_64/amd/zen2/software/Python/3.11.3-GCCcore-12.3.0/easybuild/python',
    '/cvmfs/sft.cern.ch/lcg/releases/LCG_107a_ATLAS_2/Python/3.11.9/x86_64-el9-gcc13-opt/lib/python310.zip',
    '/cvmfs/sft.cern.ch/lcg/releases/LCG_107a_ATLAS_2/Python/3.11.9/x86_64-el9-gcc13-opt/lib/python3.10',
    '/cvmfs/sft.cern.ch/lcg/releases/LCG_107a_ATLAS_2/Python/3.11.9/x86_64-el9-gcc13-opt/lib/python3.10/lib-dynload',
